<?xml version="1.0" encoding="UTF-8"?>
<testsuite xmlns:xsi="http://www.w3.org/2001/XMLSchema-instance" xsi:noNamespaceSchemaLocation="https://maven.apache.org/surefire/maven-surefire-plugin/xsd/surefire-test-report-3.0.xsd" version="3.0" name="com.ecommerce.aplication.services.ServiceUsersTest" time="0.157" tests="17" errors="0" skipped="0" failures="0">
  <properties>
[...]
</properties>
  <testcase name="changePassword_UserInactive" classname="com.ecommerce.aplication.services.ServiceUsersTest" time="0.062">
    <system-out><![CDATA[10:15:21.645 [main] INFO com.ecommerce.aplication.services.ServiceUsers -- Alteração de senha solicitada para usuário ID: null
10:15:21.645 [main] WARN com.ecommerce.aplication.services.ServiceUsers -- Usuário inativo tentou alterar senha. ID: null
]]></system-out>
  </testcase>
  <testcase name="save_NullUser" classname="com.ecommerce.aplication.services.ServiceUsersTest" time="0.004">
    <system-out><![CDATA[10:15:21.650 [main] ERROR com.ecommerce.aplication.services.ServiceUsers -- Tentativa de salvar usuário nulo
]]></system-out>
  </testcase>
  <testcase name="changePassword_Success" classname="com.ecommerce.aplication.services.ServiceUsersTest" time="0.005">
    <system-out><![CDATA[10:15:21.656 [main] INFO com.ecommerce.aplication.services.ServiceUsers -- Alteração de senha solicitada para usuário ID: 1
10:15:21.657 [main] INFO com.ecommerce.aplication.services.ServiceUsers -- Senha alterada com sucesso para usuário ID: 1
]]></system-out>
  </testcase>
  <testcase name="findEmailById_Success" classname="com.ecommerce.aplication.services.ServiceUsersTest" time="0.004"/>
  <testcase name="findById_NotFound" classname="com.ecommerce.aplication.services.ServiceUsersTest" time="0.004"/>
  <testcase name="findEmailById_NotFound" classname="com.ecommerce.aplication.services.ServiceUsersTest" time="0.005"/>
  <testcase name="loadUserByUsername_Success" classname="com.ecommerce.aplication.services.ServiceUsersTest" time="0.008"/>
  <testcase name="delete_Success" classname="com.ecommerce.aplication.services.ServiceUsersTest" time="0.004">
    <system-out><![CDATA[10:15:21.686 [main] INFO com.ecommerce.aplication.services.ServiceUsers -- Solicitação de exclusão (inativação) do usuário ID: 1
10:15:21.687 [main] INFO com.ecommerce.aplication.services.ServiceUsers -- Usuário inativado com sucesso. ID: 1
]]></system-out>
  </testcase>
  <testcase name="registerUser_EmailAlreadyExists" classname="com.ecommerce.aplication.services.ServiceUsersTest" time="0.006">
    <system-out><![CDATA[10:15:21.694 [main] INFO com.ecommerce.aplication.services.ServiceUsers -- Registrando novo usuário com email: user@example.com
10:15:21.694 [main] WARN com.ecommerce.aplication.services.ServiceUsers -- Tentativa de registro com email já em uso: user@example.com
]]></system-out>
  </testcase>
  <testcase name="registerUser_Success" classname="com.ecommerce.aplication.services.ServiceUsersTest" time="0.005">
    <system-out><![CDATA[10:15:21.699 [main] INFO com.ecommerce.aplication.services.ServiceUsers -- Registrando novo usuário com email: user@example.com
10:15:21.700 [main] INFO com.ecommerce.aplication.services.ServiceUsers -- Usuário registrado com sucesso. ID: 1
]]></system-out>
  </testcase>
  <testcase name="changePassword_IncorrectCurrentPassword" classname="com.ecommerce.aplication.services.ServiceUsersTest" time="0.004">
    <system-out><![CDATA[10:15:21.705 [main] INFO com.ecommerce.aplication.services.ServiceUsers -- Alteração de senha solicitada para usuário ID: 1
10:15:21.706 [main] WARN com.ecommerce.aplication.services.ServiceUsers -- Senha atual incorreta para usuário ID: 1
]]></system-out>
  </testcase>
  <testcase name="delete_AlreadyInactive" classname="com.ecommerce.aplication.services.ServiceUsersTest" time="0.005">
    <system-out><![CDATA[10:15:21.711 [main] INFO com.ecommerce.aplication.services.ServiceUsers -- Solicitação de exclusão (inativação) do usuário ID: 1
10:15:21.711 [main] WARN com.ecommerce.aplication.services.ServiceUsers -- Tentativa de excluir usuário já inativo. ID: 1
]]></system-out>
  </testcase>
  <testcase name="findById_Found" classname="com.ecommerce.aplication.services.ServiceUsersTest" time="0.004"/>
  <testcase name="changePassword_NewPasswordsDontMatch" classname="com.ecommerce.aplication.services.ServiceUsersTest" time="0.006">
    <system-out><![CDATA[10:15:21.722 [main] INFO com.ecommerce.aplication.services.ServiceUsers -- Alteração de senha solicitada para usuário ID: null
10:15:21.723 [main] WARN com.ecommerce.aplication.services.ServiceUsers -- Nova senha e confirmação não conferem para usuário ID: null
]]></system-out>
  </testcase>
  <testcase name="loadUserByUsername_NotFound" classname="com.ecommerce.aplication.services.ServiceUsersTest" time="0.006"/>
  <testcase name="save_Success" classname="com.ecommerce.aplication.services.ServiceUsersTest" time="0.003"/>
  <testcase name="delete_UserNotFound" classname="com.ecommerce.aplication.services.ServiceUsersTest" time="0.003">
    <system-out><![CDATA[10:15:21.737 [main] INFO com.ecommerce.aplication.services.ServiceUsers -- Solicitação de exclusão (inativação) do usuário ID: 1
]]></system-out>
  </testcase>
</testsuite>